<?xml version="1.0" encoding="UTF-8"?>
<!-- Generated by org.testng.reporters.JUnitXMLReporter -->
<testsuite hostname="DESKTOP-K9EHMR9" ignored="0" name="Test" tests="4" failures="1" timestamp="2020-08-24T16:08:48 IST" time="0.093" errors="0">
  <testcase name="div" time="0.013" classname="com.las.demo"/>
  <testcase name="mul" time="0.002" classname="com.las.demo"/>
  <testcase name="sub" time="0.004" classname="com.las.demo"/>
  <testcase name="sum" time="0.004" classname="com.las.demo">
    <failure type="java.lang.AssertionError" message="expected [30] but found [3099]">
      <![CDATA[java.lang.AssertionError: expected [30] but found [3099]
at com.las.demo.sum(demo.java:15)
at java.util.ArrayList.forEach(ArrayList.java:1257)
... Removed 33 stack frames]]>
    </failure>
  </testcase> <!-- sum -->
</testsuite> <!-- Test -->
